[INFO] Scanning for projects...
[INFO] 
[INFO] -------------------< org.example.demotrf5.job:TRF5 >--------------------
[INFO] Building DEMOTRF5 TRF5-0.1.0 (0.1,Job Designs) 0.1.0
[INFO]   from pom.xml
[INFO] --------------------------------[ jar ]---------------------------------
[WARNING] The POM for software.amazon.encryption.s3:amazon-s3-encryption-client-java:jar:3.3.1 is missing, no dependency information available
[WARNING] The POM for software.amazon.awssdk:annotations:jar:2.35.11 is missing, no dependency information available
[WARNING] The POM for software.amazon.awssdk:apache-client:jar:2.35.11 is missing, no dependency information available
[WARNING] The POM for software.amazon.awssdk:arns:jar:2.35.11 is missing, no dependency information available
[WARNING] The POM for software.amazon.awssdk:auth:jar:2.35.11 is missing, no dependency information available
[WARNING] The POM for org.talend.components:aws-common-v2:jar:1.2601.1 is missing, no dependency information available
[WARNING] The POM for software.amazon.awssdk:aws-core:jar:2.35.11 is missing, no dependency information available
[WARNING] The POM for software.amazon.awssdk.crt:aws-crt:jar:0.36.2 is missing, no dependency information available
[WARNING] The POM for software.amazon.awssdk:aws-json-protocol:jar:2.35.11 is missing, no dependency information available
[WARNING] The POM for software.amazon.awssdk:aws-query-protocol:jar:2.35.11 is missing, no dependency information available
[WARNING] The POM for org.talend.components:aws-s3:jar:1.2601.1 is missing, no dependency information available
[WARNING] The POM for software.amazon.awssdk:aws-xml-protocol:jar:2.35.11 is missing, no dependency information available
[WARNING] The POM for software.amazon.awssdk:checksums:jar:2.35.11 is missing, no dependency information available
[WARNING] The POM for software.amazon.awssdk:checksums-spi:jar:2.35.11 is missing, no dependency information available
[WARNING] The POM for org.talend.sdk.component:component-api:jar:1.88.0 is missing, no dependency information available
[WARNING] The POM for org.talend.sdk.component:component-runtime-design-extension:jar:1.88.0 is missing, no dependency information available
[WARNING] The POM for org.talend.sdk.component:component-runtime-di:jar:1.88.0 is missing, no dependency information available
[WARNING] The POM for org.talend.sdk.component:component-runtime-impl:jar:1.88.0 is missing, no dependency information available
[WARNING] The POM for org.talend.sdk.component:component-runtime-manager:jar:1.88.0 is missing, no dependency information available
[WARNING] The POM for org.talend.sdk.component:component-spi:jar:1.88.0 is missing, no dependency information available
[WARNING] The POM for org.talend.sdk.component:container-core:jar:1.88.0 is missing, no dependency information available
[WARNING] The POM for software.amazon.awssdk:crt-core:jar:2.35.11 is missing, no dependency information available
[WARNING] The POM for software.amazon.awssdk:endpoints-spi:jar:2.35.11 is missing, no dependency information available
[WARNING] The POM for software.amazon.eventstream:eventstream:jar:1.0.1 is missing, no dependency information available
[WARNING] The POM for org.apache.geronimo.specs:geronimo-annotation_1.3_spec:jar:1.2 is missing, no dependency information available
[WARNING] The POM for org.apache.geronimo.specs:geronimo-json_1.1_spec:jar:1.3 is missing, no dependency information available
[WARNING] The POM for org.apache.geronimo.specs:geronimo-jsonb_1.0_spec:jar:1.2 is missing, no dependency information available
[WARNING] The POM for software.amazon.awssdk:http-auth:jar:2.35.11 is missing, no dependency information available
[WARNING] The POM for software.amazon.awssdk:http-auth-aws:jar:2.35.11 is missing, no dependency information available
[WARNING] The POM for software.amazon.awssdk:http-auth-aws-eventstream:jar:2.35.11 is missing, no dependency information available
[WARNING] The POM for software.amazon.awssdk:http-auth-spi:jar:2.35.11 is missing, no dependency information available
[WARNING] The POM for software.amazon.awssdk:http-client-spi:jar:2.35.11 is missing, no dependency information available
[WARNING] The POM for software.amazon.awssdk:identity-spi:jar:2.35.11 is missing, no dependency information available
[WARNING] The POM for com.sun.activation:jakarta.activation:jar:2.0.1 is missing, no dependency information available
[WARNING] The POM for jakarta.activation:jakarta.activation-api:jar:2.1.3 is missing, no dependency information available
[WARNING] The POM for jakarta.xml.bind:jakarta.xml.bind-api:jar:4.0.2 is missing, no dependency information available
[WARNING] The POM for jakarta.xml.soap:jakarta.xml.soap-api:jar:2.0.1 is missing, no dependency information available
[WARNING] The POM for org.apache.johnzon:johnzon-core:jar:1.2.21 is missing, no dependency information available
[WARNING] The POM for org.apache.johnzon:johnzon-jsonb:jar:1.2.21 is missing, no dependency information available
[WARNING] The POM for org.apache.johnzon:johnzon-mapper:jar:1.2.21 is missing, no dependency information available
[WARNING] The POM for software.amazon.awssdk:json-utils:jar:2.35.11 is missing, no dependency information available
[WARNING] The POM for software.amazon.awssdk:kms:jar:2.35.11 is missing, no dependency information available
[WARNING] The POM for software.amazon.awssdk:metrics-spi:jar:2.35.11 is missing, no dependency information available
[WARNING] The POM for io.netty:netty-buffer:jar:4.1.128.Final is missing, no dependency information available
[WARNING] The POM for io.netty:netty-codec:jar:4.1.128.Final is missing, no dependency information available
[WARNING] The POM for io.netty:netty-codec-http:jar:4.1.128.Final is missing, no dependency information available
[WARNING] The POM for io.netty:netty-codec-http2:jar:4.1.128.Final is missing, no dependency information available
[WARNING] The POM for io.netty:netty-common:jar:4.1.128.Final is missing, no dependency information available
[WARNING] The POM for io.netty:netty-handler:jar:4.1.128.Final is missing, no dependency information available
[WARNING] The POM for software.amazon.awssdk:netty-nio-client:jar:2.35.11 is missing, no dependency information available
[WARNING] The POM for io.netty:netty-resolver:jar:4.1.128.Final is missing, no dependency information available
[WARNING] The POM for io.netty:netty-transport:jar:4.1.128.Final is missing, no dependency information available
[WARNING] The POM for io.netty:netty-transport-classes-epoll:jar:4.1.128.Final is missing, no dependency information available
[WARNING] The POM for io.netty:netty-transport-native-unix-common:jar:4.1.128.Final is missing, no dependency information available
[WARNING] The POM for software.amazon.awssdk:profiles:jar:2.35.11 is missing, no dependency information available
[WARNING] The POM for software.amazon.awssdk:protocol-core:jar:2.35.11 is missing, no dependency information available
[WARNING] The POM for org.reactivestreams:reactive-streams:jar:1.0.4 is missing, no dependency information available
[WARNING] The POM for software.amazon.awssdk:regions:jar:2.35.11 is missing, no dependency information available
[WARNING] The POM for software.amazon.awssdk:retries:jar:2.35.11 is missing, no dependency information available
[WARNING] The POM for software.amazon.awssdk:retries-spi:jar:2.35.11 is missing, no dependency information available
[WARNING] The POM for org.mozilla:rhino:jar:1.7.14 is missing, no dependency information available
[WARNING] The POM for software.amazon.awssdk:s3:jar:2.35.11 is missing, no dependency information available
[WARNING] The POM for software.amazon.awssdk:s3-transfer-manager:jar:2.35.11 is missing, no dependency information available
[WARNING] The POM for com.sun.xml.messaging.saaj:saaj-impl:jar:2.0.1 is missing, no dependency information available
[WARNING] The POM for software.amazon.awssdk:sdk-core:jar:2.35.11 is missing, no dependency information available
[WARNING] The POM for org.jvnet.staxex:stax-ex:jar:2.0.1 is missing, no dependency information available
[WARNING] The POM for org.codehaus.woodstox:stax2-api:jar:4.2.1 is missing, no dependency information available
[WARNING] The POM for software.amazon.awssdk:sts:jar:2.35.11 is missing, no dependency information available
[WARNING] The POM for software.amazon.awssdk:third-party-jackson-core:jar:2.35.11 is missing, no dependency information available
[WARNING] The POM for software.amazon.awssdk:utils:jar:2.35.11 is missing, no dependency information available
[WARNING] The POM for software.amazon.awssdk:utils-lite:jar:2.35.11 is missing, no dependency information available
[WARNING] The POM for org.apache.xbean:xbean-asm9-shaded:jar:4.20 is missing, no dependency information available
[WARNING] The POM for org.apache.xbean:xbean-finder-shaded:jar:4.20 is missing, no dependency information available
[WARNING] The POM for org.apache.xbean:xbean-reflect:jar:4.20 is missing, no dependency information available
[WARNING] The POM for com.fasterxml.jackson.core:jackson-core:jar:2.14.0 is missing, no dependency information available
[WARNING] The POM for com.fasterxml.jackson.core:jackson-annotations:jar:2.14.0 is missing, no dependency information available
[WARNING] The POM for org.ow2.asm:asm:jar:9.3 is missing, no dependency information available
[INFO] 
[INFO] --- resources:3.3.1:resources (default-resources) @ TRF5 ---
[WARNING] The POM for commons-io:commons-io:jar:2.11.0 is missing, no dependency information available
[WARNING] Using platform encoding (UTF-8 actually) to copy filtered resources, i.e. build is platform dependent!
[INFO] Copying 1 resource from src\main\resources to target\classes
[INFO] 
[INFO] --- resources:3.3.1:copy-resources (copy-wsdl) @ TRF5 ---
[WARNING] Using platform encoding (UTF-8 actually) to copy filtered resources, i.e. build is platform dependent!
[INFO] skip non existing resourceDirectory C:\Program Files (x86)\Talend-Studio\studio\workspace\DEMOTRF5\poms\jobs\process\trf5_0.1\src\main\java\demotrf5\trf5_0_1\wsdl
[INFO] 
[INFO] --- compiler:3.11.0:compile (default-compile) @ TRF5 ---
[WARNING] The POM for org.bouncycastle:bcpg-jdk18on:jar:1.77 is missing, no dependency information available
[WARNING] The POM for org.bouncycastle:bcprov-jdk18on:jar:1.77 is missing, no dependency information available
[WARNING] The POM for commons-codec:commons-codec:jar:1.17.0 is missing, no dependency information available
[WARNING] The POM for commons-io:commons-io:jar:2.16.1 is missing, no dependency information available
[WARNING] The POM for org.slf4j:slf4j-api:jar:2.0.13 is missing, no dependency information available
[WARNING] The POM for commons-io:commons-io:jar:2.6 is missing, no dependency information available
[INFO] Not compiling main sources
[INFO] 
[INFO] --- resources:3.3.1:testResources (default-testResources) @ TRF5 ---
[INFO] Not copying test resources
[INFO] 
[INFO] --- compiler:3.11.0:testCompile (default-testCompile) @ TRF5 ---
[INFO] Not compiling test sources
[INFO] 
[INFO] --- surefire:3.5.4:test (default-test) @ TRF5 ---
[WARNING] The POM for org.codehaus.plexus:plexus-utils:jar:4.0.2 is missing, no dependency information available
[INFO] Tests are skipped.
[INFO] 
[INFO] --- jar:3.5.0:jar (default-jar) @ TRF5 ---
[WARNING] The POM for commons-io:commons-io:jar:2.19.0 is missing, no dependency information available
[WARNING] The POM for org.codehaus.plexus:plexus-archiver:jar:4.10.2 is missing, no dependency information available
[WARNING] The POM for org.codehaus.plexus:plexus-interpolation:jar:1.28 is missing, no dependency information available
[INFO] Building jar: C:\Program Files (x86)\Talend-Studio\studio\workspace\DEMOTRF5\poms\jobs\process\trf5_0.1\target\trf5_0_1.jar
[INFO] 
[INFO] --- assembly:3.7.1:single (default) @ TRF5 ---
[WARNING] The POM for org.eclipse.sisu:org.eclipse.sisu.plexus:jar:0.9.0.M2 is missing, no dependency information available
[WARNING] The POM for org.eclipse.sisu:org.eclipse.sisu.inject:jar:0.9.0.M2 is missing, no dependency information available
[WARNING] The POM for org.apache.maven.resolver:maven-resolver-api:jar:1.6.3 is missing, no dependency information available
[WARNING] The POM for org.apache.maven.resolver:maven-resolver-util:jar:1.6.3 is missing, no dependency information available
[WARNING] The POM for org.slf4j:slf4j-api:jar:1.7.30 is missing, no dependency information available
[WARNING] The POM for com.google.guava:guava:jar:25.1-android is missing, no dependency information available
[WARNING] The POM for org.codehaus.plexus:plexus-xml:jar:3.0.0 is missing, no dependency information available
[INFO] Reading assembly descriptor: C:\Program Files (x86)\Talend-Studio\studio\workspace\DEMOTRF5\poms\jobs\process\trf5_0.1/src/main/assemblies/assembly.xml
[INFO] Building zip: C:\Program Files (x86)\Talend-Studio\studio\workspace\DEMOTRF5\poms\jobs\process\trf5_0.1\target\trf5_0_1.zip
[INFO] 
[INFO] --- signer:8.0.14:sign (sign) @ TRF5 ---
[WARNING] The POM for org.codehaus.plexus:plexus-utils:jar:1.5.5 is missing, no dependency information available
[INFO] Start to sign the job artifact
[INFO] Start to sign artifact, the source file is trf5_0_1.zip and target file is trf5_0_1_sign_.zip
[INFO] ------------------------------------------------------------------------
[INFO] BUILD SUCCESS
[INFO] ------------------------------------------------------------------------
[INFO] Total time:  11.730 s
[INFO] Finished at: 2026-03-13T15:21:16-03:00
[INFO] ------------------------------------------------------------------------
